<?xml version="1.0" encoding="UTF-8"?>
<coverage generated="1642687310887" clover="3.2.0">
  <project timestamp="1642687310887" name="All files">
    <metrics statements="45" coveredstatements="45" conditionals="10" coveredconditionals="8" methods="13" coveredmethods="13" elements="68" coveredelements="66" complexity="0" loc="45" ncloc="45" packages="1" files="5" classes="5"/>
    <file name="class-todo.js" path="/home/nuri/nuri-microverse/to-do-list/src/modules/class-todo.js">
      <metrics statements="3" coveredstatements="3" conditionals="0" coveredconditionals="0" methods="1" coveredmethods="1"/>
      <line num="3" count="9" type="stmt"/>
      <line num="4" count="9" type="stmt"/>
      <line num="5" count="9" type="stmt"/>
    </file>
    <file name="crud.js" path="/home/nuri/nuri-microverse/to-do-list/src/modules/crud.js">
      <metrics statements="15" coveredstatements="15" conditionals="4" coveredconditionals="3" methods="4" coveredmethods="4"/>
      <line num="4" count="3" type="stmt"/>
      <line num="5" count="9" type="cond" truecount="1" falsecount="1"/>
      <line num="6" count="9" type="stmt"/>
      <line num="7" count="9" type="stmt"/>
      <line num="8" count="9" type="stmt"/>
      <line num="9" count="9" type="stmt"/>
      <line num="13" count="3" type="stmt"/>
      <line num="14" count="2" type="stmt"/>
      <line num="15" count="5" type="stmt"/>
      <line num="16" count="2" type="stmt"/>
      <line num="20" count="2" type="stmt"/>
      <line num="21" count="2" type="stmt"/>
      <line num="22" count="4" type="cond" truecount="2" falsecount="0"/>
      <line num="23" count="2" type="stmt"/>
      <line num="26" count="2" type="stmt"/>
    </file>
    <file name="render-list.js" path="/home/nuri/nuri-microverse/to-do-list/src/modules/render-list.js">
      <metrics statements="8" coveredstatements="8" conditionals="2" coveredconditionals="1" methods="1" coveredmethods="1"/>
      <line num="3" count="1" type="stmt"/>
      <line num="4" count="3" type="stmt"/>
      <line num="5" count="3" type="stmt"/>
      <line num="6" count="3" type="stmt"/>
      <line num="7" count="3" type="stmt"/>
      <line num="8" count="3" type="stmt"/>
      <line num="9" count="4" type="stmt"/>
      <line num="21" count="4" type="stmt"/>
    </file>
    <file name="store.js" path="/home/nuri/nuri-microverse/to-do-list/src/modules/store.js">
      <metrics statements="11" coveredstatements="11" conditionals="2" coveredconditionals="2" methods="4" coveredmethods="4"/>
      <line num="2" count="3" type="stmt"/>
      <line num="3" count="19" type="stmt"/>
      <line num="4" count="19" type="cond" truecount="2" falsecount="0"/>
      <line num="5" count="16" type="stmt"/>
      <line num="6" count="3" type="stmt"/>
      <line num="9" count="3" type="stmt"/>
      <line num="10" count="16" type="stmt"/>
      <line num="13" count="3" type="stmt"/>
      <line num="14" count="3" type="stmt"/>
      <line num="15" count="4" type="stmt"/>
      <line num="17" count="3" type="stmt"/>
    </file>
    <file name="update.js" path="/home/nuri/nuri-microverse/to-do-list/src/modules/update.js">
      <metrics statements="8" coveredstatements="8" conditionals="2" coveredconditionals="2" methods="3" coveredmethods="3"/>
      <line num="4" count="2" type="stmt"/>
      <line num="5" count="2" type="stmt"/>
      <line num="6" count="8" type="cond" truecount="2" falsecount="0"/>
      <line num="7" count="2" type="stmt"/>
      <line num="8" count="2" type="stmt"/>
      <line num="14" count="1" type="stmt"/>
      <line num="15" count="4" type="stmt"/>
      <line num="16" count="1" type="stmt"/>
    </file>
  </project>
</coverage>
