{"/home/nuri/nuri-microverse/to-do-list/src/modules/class-todo.js": {"path":"/home/nuri/nuri-microverse/to-do-list/src/modules/class-todo.js","statementMap":{"0":{"start":{"line":3,"column":4},"end":{"line":3,"column":35}},"1":{"start":{"line":4,"column":4},"end":{"line":4,"column":27}},"2":{"start":{"line":5,"column":4},"end":{"line":5,"column":32}}},"fnMap":{"0":{"name":"(anonymous_0)","decl":{"start":{"line":2,"column":2},"end":{"line":2,"column":3}},"loc":{"start":{"line":2,"column":32},"end":{"line":6,"column":3}},"line":2}},"branchMap":{},"s":{"0":9,"1":9,"2":9},"f":{"0":9},"b":{},"_coverageSchema":"1a1c01bbd47fc00a2c39e90264f33305004495a9","hash":"dc92b47c1d3918845af8cff1cdcbe71a70530059"}
,"/home/nuri/nuri-microverse/to-do-list/src/modules/crud.js": {"path":"/home/nuri/nuri-microverse/to-do-list/src/modules/crud.js","statementMap":{"0":{"start":{"line":4,"column":23},"end":{"line":11,"column":1}},"1":{"start":{"line":5,"column":2},"end":{"line":10,"column":3}},"2":{"start":{"line":6,"column":18},"end":{"line":6,"column":34}},"3":{"start":{"line":7,"column":20},"end":{"line":7,"column":45}},"4":{"start":{"line":8,"column":4},"end":{"line":8,"column":24}},"5":{"start":{"line":9,"column":4},"end":{"line":9,"column":26}},"6":{"start":{"line":13,"column":26},"end":{"line":17,"column":1}},"7":{"start":{"line":14,"column":14},"end":{"line":14,"column":30}},"8":{"start":{"line":15,"column":2},"end":{"line":15,"column":65}},"9":{"start":{"line":15,"column":36},"end":{"line":15,"column":63}},"10":{"start":{"line":16,"column":2},"end":{"line":16,"column":24}},"11":{"start":{"line":20,"column":16},"end":{"line":20,"column":32}},"12":{"start":{"line":21,"column":2},"end":{"line":25,"column":3}},"13":{"start":{"line":21,"column":15},"end":{"line":21,"column":16}},"14":{"start":{"line":22,"column":4},"end":{"line":24,"column":5}},"15":{"start":{"line":23,"column":6},"end":{"line":23,"column":39}},"16":{"start":{"line":26,"column":2},"end":{"line":26,"column":24}}},"fnMap":{"0":{"name":"(anonymous_0)","decl":{"start":{"line":4,"column":23},"end":{"line":4,"column":24}},"loc":{"start":{"line":4,"column":37},"end":{"line":11,"column":1}},"line":4},"1":{"name":"(anonymous_1)","decl":{"start":{"line":13,"column":26},"end":{"line":13,"column":27}},"loc":{"start":{"line":13,"column":40},"end":{"line":17,"column":1}},"line":13},"2":{"name":"(anonymous_2)","decl":{"start":{"line":15,"column":23},"end":{"line":15,"column":24}},"loc":{"start":{"line":15,"column":36},"end":{"line":15,"column":63}},"line":15},"3":{"name":"editTodo","decl":{"start":{"line":19,"column":16},"end":{"line":19,"column":24}},"loc":{"start":{"line":19,"column":44},"end":{"line":27,"column":1}},"line":19}},"branchMap":{"0":{"loc":{"start":{"line":5,"column":2},"end":{"line":10,"column":3}},"type":"if","locations":[{"start":{"line":5,"column":2},"end":{"line":10,"column":3}},{"start":{},"end":{}}],"line":5},"1":{"loc":{"start":{"line":22,"column":4},"end":{"line":24,"column":5}},"type":"if","locations":[{"start":{"line":22,"column":4},"end":{"line":24,"column":5}},{"start":{},"end":{}}],"line":22}},"s":{"0":3,"1":9,"2":9,"3":9,"4":9,"5":9,"6":3,"7":2,"8":2,"9":5,"10":2,"11":2,"12":2,"13":2,"14":4,"15":2,"16":2},"f":{"0":9,"1":2,"2":5,"3":2},"b":{"0":[9,0],"1":[2,2]},"_coverageSchema":"1a1c01bbd47fc00a2c39e90264f33305004495a9","hash":"f3605da34b0288ef13b2761128a60586a859a63a"}
,"/home/nuri/nuri-microverse/to-do-list/src/modules/render-list.js": {"path":"/home/nuri/nuri-microverse/to-do-list/src/modules/render-list.js","statementMap":{"0":{"start":{"line":3,"column":19},"end":{"line":23,"column":1}},"1":{"start":{"line":4,"column":19},"end":{"line":4,"column":55}},"2":{"start":{"line":5,"column":16},"end":{"line":5,"column":32}},"3":{"start":{"line":6,"column":2},"end":{"line":6,"column":27}},"4":{"start":{"line":7,"column":2},"end":{"line":7,"column":26}},"5":{"start":{"line":8,"column":2},"end":{"line":22,"column":3}},"6":{"start":{"line":8,"column":15},"end":{"line":8,"column":16}},"7":{"start":{"line":9,"column":20},"end":{"line":20,"column":5}},"8":{"start":{"line":21,"column":4},"end":{"line":21,"column":34}}},"fnMap":{"0":{"name":"(anonymous_0)","decl":{"start":{"line":3,"column":19},"end":{"line":3,"column":20}},"loc":{"start":{"line":3,"column":25},"end":{"line":23,"column":1}},"line":3}},"branchMap":{"0":{"loc":{"start":{"line":11,"column":87},"end":{"line":11,"column":122}},"type":"cond-expr","locations":[{"start":{"line":11,"column":108},"end":{"line":11,"column":117}},{"start":{"line":11,"column":120},"end":{"line":11,"column":122}}],"line":11}},"s":{"0":1,"1":3,"2":3,"3":3,"4":3,"5":3,"6":3,"7":4,"8":4},"f":{"0":3},"b":{"0":[0,4]},"_coverageSchema":"1a1c01bbd47fc00a2c39e90264f33305004495a9","hash":"8a927a887ac0a481a4168525ec132aedcf22a33d"}
,"/home/nuri/nuri-microverse/to-do-list/src/modules/store.js": {"path":"/home/nuri/nuri-microverse/to-do-list/src/modules/store.js","statementMap":{"0":{"start":{"line":2,"column":20},"end":{"line":7,"column":3}},"1":{"start":{"line":3,"column":23},"end":{"line":3,"column":57}},"2":{"start":{"line":4,"column":4},"end":{"line":6,"column":5}},"3":{"start":{"line":5,"column":6},"end":{"line":5,"column":36}},"4":{"start":{"line":6,"column":6},"end":{"line":6,"column":16}},"5":{"start":{"line":9,"column":20},"end":{"line":11,"column":3}},"6":{"start":{"line":10,"column":4},"end":{"line":10,"column":62}},"7":{"start":{"line":13,"column":23},"end":{"line":18,"column":3}},"8":{"start":{"line":14,"column":4},"end":{"line":16,"column":7}},"9":{"start":{"line":15,"column":6},"end":{"line":15,"column":32}},"10":{"start":{"line":17,"column":4},"end":{"line":17,"column":62}}},"fnMap":{"0":{"name":"(anonymous_0)","decl":{"start":{"line":2,"column":20},"end":{"line":2,"column":21}},"loc":{"start":{"line":2,"column":26},"end":{"line":7,"column":3}},"line":2},"1":{"name":"(anonymous_1)","decl":{"start":{"line":9,"column":20},"end":{"line":9,"column":21}},"loc":{"start":{"line":9,"column":31},"end":{"line":11,"column":3}},"line":9},"2":{"name":"(anonymous_2)","decl":{"start":{"line":13,"column":23},"end":{"line":13,"column":24}},"loc":{"start":{"line":13,"column":34},"end":{"line":18,"column":3}},"line":13},"3":{"name":"(anonymous_3)","decl":{"start":{"line":14,"column":18},"end":{"line":14,"column":19}},"loc":{"start":{"line":14,"column":38},"end":{"line":16,"column":5}},"line":14}},"branchMap":{"0":{"loc":{"start":{"line":4,"column":4},"end":{"line":6,"column":5}},"type":"if","locations":[{"start":{"line":4,"column":4},"end":{"line":6,"column":5}},{"start":{},"end":{}}],"line":4}},"s":{"0":3,"1":19,"2":19,"3":16,"4":3,"5":3,"6":16,"7":3,"8":3,"9":4,"10":3},"f":{"0":19,"1":16,"2":3,"3":4},"b":{"0":[16,3]},"_coverageSchema":"1a1c01bbd47fc00a2c39e90264f33305004495a9","hash":"23376ce58ddb96971aa7e26d547bcb3a5801e6de"}
,"/home/nuri/nuri-microverse/to-do-list/src/modules/update.js": {"path":"/home/nuri/nuri-microverse/to-do-list/src/modules/update.js","statementMap":{"0":{"start":{"line":4,"column":16},"end":{"line":4,"column":32}},"1":{"start":{"line":5,"column":2},"end":{"line":10,"column":3}},"2":{"start":{"line":5,"column":15},"end":{"line":5,"column":16}},"3":{"start":{"line":6,"column":4},"end":{"line":9,"column":5}},"4":{"start":{"line":7,"column":6},"end":{"line":7,"column":39}},"5":{"start":{"line":8,"column":6},"end":{"line":8,"column":28}},"6":{"start":{"line":14,"column":14},"end":{"line":14,"column":30}},"7":{"start":{"line":15,"column":2},"end":{"line":15,"column":64}},"8":{"start":{"line":15,"column":36},"end":{"line":15,"column":62}},"9":{"start":{"line":16,"column":2},"end":{"line":16,"column":24}}},"fnMap":{"0":{"name":"updateTodo","decl":{"start":{"line":3,"column":16},"end":{"line":3,"column":26}},"loc":{"start":{"line":3,"column":49},"end":{"line":11,"column":1}},"line":3},"1":{"name":"removeComleted","decl":{"start":{"line":13,"column":16},"end":{"line":13,"column":30}},"loc":{"start":{"line":13,"column":33},"end":{"line":17,"column":1}},"line":13},"2":{"name":"(anonymous_2)","decl":{"start":{"line":15,"column":23},"end":{"line":15,"column":24}},"loc":{"start":{"line":15,"column":36},"end":{"line":15,"column":62}},"line":15}},"branchMap":{"0":{"loc":{"start":{"line":6,"column":4},"end":{"line":9,"column":5}},"type":"if","locations":[{"start":{"line":6,"column":4},"end":{"line":9,"column":5}},{"start":{},"end":{}}],"line":6}},"s":{"0":2,"1":2,"2":2,"3":8,"4":2,"5":2,"6":1,"7":1,"8":4,"9":1},"f":{"0":2,"1":1,"2":4},"b":{"0":[2,6]},"_coverageSchema":"1a1c01bbd47fc00a2c39e90264f33305004495a9","hash":"64c274309223ac52cb453432b6353848c49b9ae2"}
}
